-------------------------------------------------------------------------------
Test set: com.example.newsservice.NewsServiceTest
-------------------------------------------------------------------------------
Tests run: 8, Failures: 4, Errors: 0, Skipped: 0, Time elapsed: 1.7 sec <<< FAILURE! - in com.example.newsservice.NewsServiceTest
ahoCorasickAlgorithmRuleControlWithRuleSet1(com.example.newsservice.NewsServiceTest)  Time elapsed: 1.116 sec  <<< FAILURE!
org.junit.ComparisonFailure: expected:<[1]> but was:<[2]>
	at com.example.newsservice.NewsServiceTest.ahoCorasickAlgorithmRuleControlWithRuleSet1(NewsServiceTest.java:49)

ahoCorasickAlgorithmRuleControl(com.example.newsservice.NewsServiceTest)  Time elapsed: 0.042 sec  <<< FAILURE!
org.junit.ComparisonFailure: expected:<[1]> but was:<[2]>
	at com.example.newsservice.NewsServiceTest.ahoCorasickAlgorithmRuleControl(NewsServiceTest.java:42)

normalizationNumbersControl(com.example.newsservice.NewsServiceTest)  Time elapsed: 0.002 sec  <<< FAILURE!
org.junit.ComparisonFailure: expected:<"i[l sağlık müdürlü]ğü"> but was:<"i[  l  s ağ l ı k   mü d ü r l ü ]ğü">
	at com.example.newsservice.NewsServiceTest.normalizationNumbersControl(NewsServiceTest.java:77)

normalizationPunctuationControl(com.example.newsservice.NewsServiceTest)  Time elapsed: 0.006 sec  <<< FAILURE!
org.junit.ComparisonFailure: expected:<"i[l sağlık müdürlü]ğü"> but was:<"i[      l     sağl    ık  m    ü dü     rlü         ]ğü">
	at com.example.newsservice.NewsServiceTest.normalizationPunctuationControl(NewsServiceTest.java:83)

